0 info it worked if it ends with ok
1 verbose cli [ 'node', '/usr/local/bin/npm', 'install' ]
2 info using npm@1.4.14
3 info using node@v0.10.29
4 warn package.json WMISoapBuilder@0.0.0 No repository field.
5 verbose readDependencies using package.json deps
6 verbose install where, deps [ '/Users/EBSRockyMountain2/EyeByte/WMISoapBuilder',
6 verbose install   [ 'grunt',
6 verbose install     'grunt-autoprefixer',
6 verbose install     'grunt-bower-install',
6 verbose install     'grunt-concurrent',
6 verbose install     'grunt-contrib-clean',
6 verbose install     'grunt-contrib-compass',
6 verbose install     'grunt-contrib-concat',
6 verbose install     'grunt-contrib-connect',
6 verbose install     'grunt-contrib-copy',
6 verbose install     'grunt-contrib-cssmin',
6 verbose install     'grunt-contrib-htmlmin',
6 verbose install     'grunt-contrib-jshint',
6 verbose install     'grunt-contrib-uglify',
6 verbose install     'grunt-contrib-watch',
6 verbose install     'grunt-newer',
6 verbose install     'grunt-usemin',
6 verbose install     'grunt-ngmin',
6 verbose install     'grunt-karma',
6 verbose install     'karma',
6 verbose install     'karma-mocha',
6 verbose install     'karma-chai',
6 verbose install     'karma-chrome-launcher',
6 verbose install     'karma-phantomjs-launcher',
6 verbose install     'karma-coverage',
6 verbose install     'jshint-stylish',
6 verbose install     'load-grunt-tasks',
6 verbose install     'time-grunt',
6 verbose install     'cordova',
6 verbose install     'lodash',
6 verbose install     'ripple-emulator' ] ]
7 info preinstall WMISoapBuilder@0.0.0
8 verbose readDependencies using package.json deps
9 verbose already installed skipping grunt@~0.4.1 /Users/EBSRockyMountain2/EyeByte/WMISoapBuilder
10 verbose already installed skipping grunt-autoprefixer@~0.4.0 /Users/EBSRockyMountain2/EyeByte/WMISoapBuilder
11 verbose already installed skipping grunt-bower-install@~0.7.0 /Users/EBSRockyMountain2/EyeByte/WMISoapBuilder
12 verbose already installed skipping grunt-concurrent@~0.4.1 /Users/EBSRockyMountain2/EyeByte/WMISoapBuilder
13 verbose already installed skipping grunt-contrib-clean@~0.5.0 /Users/EBSRockyMountain2/EyeByte/WMISoapBuilder
14 verbose already installed skipping grunt-contrib-compass@~0.6.0 /Users/EBSRockyMountain2/EyeByte/WMISoapBuilder
15 verbose already installed skipping grunt-contrib-concat@~0.3.0 /Users/EBSRockyMountain2/EyeByte/WMISoapBuilder
16 verbose already installed skipping grunt-contrib-connect@~0.5.0 /Users/EBSRockyMountain2/EyeByte/WMISoapBuilder
17 verbose already installed skipping grunt-contrib-copy@~0.4.1 /Users/EBSRockyMountain2/EyeByte/WMISoapBuilder
18 verbose already installed skipping grunt-contrib-cssmin@~0.7.0 /Users/EBSRockyMountain2/EyeByte/WMISoapBuilder
19 verbose already installed skipping grunt-contrib-htmlmin@~0.1.3 /Users/EBSRockyMountain2/EyeByte/WMISoapBuilder
20 verbose already installed skipping grunt-contrib-jshint@~0.7.1 /Users/EBSRockyMountain2/EyeByte/WMISoapBuilder
21 verbose already installed skipping grunt-contrib-uglify@~0.2.0 /Users/EBSRockyMountain2/EyeByte/WMISoapBuilder
22 verbose already installed skipping grunt-contrib-watch@~0.5.2 /Users/EBSRockyMountain2/EyeByte/WMISoapBuilder
23 verbose already installed skipping grunt-newer@~0.6.1 /Users/EBSRockyMountain2/EyeByte/WMISoapBuilder
24 verbose already installed skipping grunt-usemin@~2.0.0 /Users/EBSRockyMountain2/EyeByte/WMISoapBuilder
25 verbose already installed skipping grunt-ngmin@~0.0.2 /Users/EBSRockyMountain2/EyeByte/WMISoapBuilder
26 verbose already installed skipping grunt-karma@~0.8.0 /Users/EBSRockyMountain2/EyeByte/WMISoapBuilder
27 verbose already installed skipping karma@~0.12.0 /Users/EBSRockyMountain2/EyeByte/WMISoapBuilder
28 verbose already installed skipping karma-mocha@~0.1.3 /Users/EBSRockyMountain2/EyeByte/WMISoapBuilder
29 verbose already installed skipping karma-chai@~0.1.0 /Users/EBSRockyMountain2/EyeByte/WMISoapBuilder
30 verbose already installed skipping karma-phantomjs-launcher@~0.1.2 /Users/EBSRockyMountain2/EyeByte/WMISoapBuilder
31 verbose already installed skipping karma-chrome-launcher@~0.1.2 /Users/EBSRockyMountain2/EyeByte/WMISoapBuilder
32 verbose already installed skipping karma-coverage@~0.2.0 /Users/EBSRockyMountain2/EyeByte/WMISoapBuilder
33 verbose already installed skipping jshint-stylish@~0.1.3 /Users/EBSRockyMountain2/EyeByte/WMISoapBuilder
34 verbose already installed skipping load-grunt-tasks@~0.2.0 /Users/EBSRockyMountain2/EyeByte/WMISoapBuilder
35 verbose already installed skipping cordova@~3.4.0-0.1.3 /Users/EBSRockyMountain2/EyeByte/WMISoapBuilder
36 verbose already installed skipping time-grunt@~0.2.1 /Users/EBSRockyMountain2/EyeByte/WMISoapBuilder
37 verbose already installed skipping lodash@~2.4.1 /Users/EBSRockyMountain2/EyeByte/WMISoapBuilder
38 verbose already installed skipping ripple-emulator@~0.9.20 /Users/EBSRockyMountain2/EyeByte/WMISoapBuilder
39 silly resolved []
40 info build /Users/EBSRockyMountain2/EyeByte/WMISoapBuilder
41 verbose linkStuff [ false, false, false, '/Users/EBSRockyMountain2/EyeByte' ]
42 info linkStuff WMISoapBuilder@0.0.0
43 verbose linkBins WMISoapBuilder@0.0.0
44 verbose linkMans WMISoapBuilder@0.0.0
45 verbose rebuildBundles WMISoapBuilder@0.0.0
46 verbose rebuildBundles [ '.bin',
46 verbose rebuildBundles   'chai',
46 verbose rebuildBundles   'cordova',
46 verbose rebuildBundles   'grunt',
46 verbose rebuildBundles   'grunt-autoprefixer',
46 verbose rebuildBundles   'grunt-bower-install',
46 verbose rebuildBundles   'grunt-concurrent',
46 verbose rebuildBundles   'grunt-contrib-clean',
46 verbose rebuildBundles   'grunt-contrib-compass',
46 verbose rebuildBundles   'grunt-contrib-concat',
46 verbose rebuildBundles   'grunt-contrib-connect',
46 verbose rebuildBundles   'grunt-contrib-copy',
46 verbose rebuildBundles   'grunt-contrib-cssmin',
46 verbose rebuildBundles   'grunt-contrib-htmlmin',
46 verbose rebuildBundles   'grunt-contrib-jshint',
46 verbose rebuildBundles   'grunt-contrib-uglify',
46 verbose rebuildBundles   'grunt-contrib-watch',
46 verbose rebuildBundles   'grunt-karma',
46 verbose rebuildBundles   'grunt-newer',
46 verbose rebuildBundles   'grunt-ngmin',
46 verbose rebuildBundles   'grunt-usemin',
46 verbose rebuildBundles   'jshint-stylish',
46 verbose rebuildBundles   'karma',
46 verbose rebuildBundles   'karma-chai',
46 verbose rebuildBundles   'karma-chrome-launcher',
46 verbose rebuildBundles   'karma-coverage',
46 verbose rebuildBundles   'karma-mocha',
46 verbose rebuildBundles   'karma-phantomjs-launcher',
46 verbose rebuildBundles   'load-grunt-tasks',
46 verbose rebuildBundles   'lodash',
46 verbose rebuildBundles   'mocha',
46 verbose rebuildBundles   'ripple-emulator',
46 verbose rebuildBundles   'time-grunt' ]
47 verbose rebuild bundle /Users/EBSRockyMountain2/EyeByte/WMISoapBuilder/node_modules/chai
48 info build /Users/EBSRockyMountain2/EyeByte/WMISoapBuilder/node_modules/chai
49 info preinstall chai@1.9.1
50 verbose linkStuff [ false,
50 verbose linkStuff   false,
50 verbose linkStuff   false,
50 verbose linkStuff   '/Users/EBSRockyMountain2/EyeByte/WMISoapBuilder/node_modules' ]
51 info linkStuff chai@1.9.1
52 verbose linkBins chai@1.9.1
53 verbose linkMans chai@1.9.1
54 verbose rebuildBundles chai@1.9.1
55 verbose rebuildBundles [ 'assertion-error', 'deep-eql' ]
56 info install chai@1.9.1
57 info postinstall chai@1.9.1
58 verbose rebuild bundle /Users/EBSRockyMountain2/EyeByte/WMISoapBuilder/node_modules/mocha
59 info build /Users/EBSRockyMountain2/EyeByte/WMISoapBuilder/node_modules/mocha
60 info preinstall mocha@1.21.0
61 verbose linkStuff [ false,
61 verbose linkStuff   false,
61 verbose linkStuff   false,
61 verbose linkStuff   '/Users/EBSRockyMountain2/EyeByte/WMISoapBuilder/node_modules' ]
62 info linkStuff mocha@1.21.0
63 verbose linkBins mocha@1.21.0
64 verbose link bins [ { mocha: './bin/mocha', _mocha: './bin/_mocha' },
64 verbose link bins   '/Users/EBSRockyMountain2/EyeByte/WMISoapBuilder/node_modules/.bin',
64 verbose link bins   false ]
65 verbose linkMans mocha@1.21.0
66 verbose rebuildBundles mocha@1.21.0
67 verbose rebuildBundles [ '.bin',
67 verbose rebuildBundles   'commander',
67 verbose rebuildBundles   'debug',
67 verbose rebuildBundles   'diff',
67 verbose rebuildBundles   'glob',
67 verbose rebuildBundles   'growl',
67 verbose rebuildBundles   'jade',
67 verbose rebuildBundles   'mkdirp' ]
68 error Error: EACCES, unlink '/Users/EBSRockyMountain2/EyeByte/WMISoapBuilder/node_modules/.bin/mocha'
68 error  { [Error: EACCES, unlink '/Users/EBSRockyMountain2/EyeByte/WMISoapBuilder/node_modules/.bin/mocha']
68 error   errno: 3,
68 error   code: 'EACCES',
68 error   path: '/Users/EBSRockyMountain2/EyeByte/WMISoapBuilder/node_modules/.bin/mocha' }
69 error Please try running this command again as root/Administrator.
70 error System Darwin 13.1.0
71 error command "node" "/usr/local/bin/npm" "install"
72 error cwd /Users/EBSRockyMountain2/EyeByte/WMISoapBuilder
73 error node -v v0.10.29
74 error npm -v 1.4.14
75 error path /Users/EBSRockyMountain2/EyeByte/WMISoapBuilder/node_modules/.bin/mocha
76 error code EACCES
77 error errno 3
78 error stack Error: EACCES, unlink '/Users/EBSRockyMountain2/EyeByte/WMISoapBuilder/node_modules/.bin/mocha'
79 verbose exit [ 3, true ]
